<?xml version="1.0" encoding="UTF-8"?>
<!-- Generated by org.testng.reporters.JUnitReportReporter -->
<testsuite hostname="Kir" name="com.caffee.services.CustomerServicesTest" tests="3" failures="0" timestamp="9 May 2014 11:39:17 GMT" time="0,014" errors="0">
  <testcase name="testCustomerServicesSaveCustomer" time="0,003" classname="com.caffee.services.CustomerServicesTest"/>
  <testcase name="testCustomerServicesGetCustomer" time="0,000" classname="com.caffee.services.CustomerServicesTest"/>
  <testcase name="testCustomerServicesDeleteCustomer" time="0,011" classname="com.caffee.services.CustomerServicesTest"/>
</testsuite>
