<?xml version="1.0" encoding="UTF-8"?>
<!-- Generated by org.testng.reporters.JUnitReportReporter -->
<testsuite hostname="Kir" name="com.caffee.services.AbstractDAOTest" tests="3" failures="0" timestamp="9 May 2014 11:39:17 GMT" time="0,886" errors="0">
  <testcase name="testAbstractDAODeleteWithCreditCard" time="0,013" classname="com.caffee.services.AbstractDAOTest"/>
  <testcase name="testAbstractDAOGetWithCreditCard" time="0,021" classname="com.caffee.services.AbstractDAOTest"/>
  <testcase name="testAbstractDAOSaveWithCreditCard" time="0,852" classname="com.caffee.services.AbstractDAOTest"/>
</testsuite>
