<?xml version="1.0" encoding="UTF-8"?>
<!-- Generated by org.testng.reporters.JUnitReportReporter -->
<testsuite hostname="Kir" name="com.caffee.services.TestCreditCardServices" tests="6" failures="0" timestamp="9 May 2014 11:39:17 GMT" time="0,016" errors="0">
  <testcase name="testCreditCardServicesDeleteCardType" time="0,002" classname="com.caffee.services.TestCreditCardServices"/>
  <testcase name="testCreditCardServicesDeleteCard" time="0,002" classname="com.caffee.services.TestCreditCardServices"/>
  <testcase name="testCreditCardServicesGetCard" time="0,005" classname="com.caffee.services.TestCreditCardServices"/>
  <testcase name="testCreditCardServicesSaveCard" time="0,004" classname="com.caffee.services.TestCreditCardServices"/>
  <testcase name="testCreditCardServicesSaveCardType" time="0,002" classname="com.caffee.services.TestCreditCardServices"/>
  <testcase name="testCreditCardServicesGetCardType" time="0,001" classname="com.caffee.services.TestCreditCardServices"/>
</testsuite>
